2021-09-29 14:40:01.670  INFO 25816 --- [restartedMain] c.shopme.admin.ShopmeBackEndApplication  : Starting ShopmeBackEndApplication using Java 15.0.2 on DESKTOP-F39E0PL with PID 25816 (D:\Java\STS\ShopmeEcommerce\ShopmeProject\ShopmeWebParent\ShopmeBackEnd\target\classes started by user in D:\Java\STS\ShopmeEcommerce\ShopmeProject\ShopmeWebParent\ShopmeBackEnd)
2021-09-29 14:40:01.673 DEBUG 25816 --- [restartedMain] c.shopme.admin.ShopmeBackEndApplication  : Running with Spring Boot v2.5.1, Spring v5.3.8
2021-09-29 14:40:01.674  INFO 25816 --- [restartedMain] c.shopme.admin.ShopmeBackEndApplication  : No active profile set, falling back to default profiles: default
2021-09-29 14:40:04.184  WARN 25816 --- [restartedMain] JpaBaseConfiguration$JpaWebConfiguration : spring.jpa.open-in-view is enabled by default. Therefore, database queries may be performed during view rendering. Explicitly configure spring.jpa.open-in-view to disable this warning
2021-09-29 14:40:05.249  INFO 25816 --- [restartedMain] c.shopme.admin.ShopmeBackEndApplication  : Started ShopmeBackEndApplication in 3.859 seconds (JVM running for 4.511)
2021-08-29 14:40:39.489  INFO 14280 --- [restartedMain] c.shopme.admin.ShopmeBackEndApplication  : Starting ShopmeBackEndApplication using Java 15.0.2 on DESKTOP-F39E0PL with PID 14280 (D:\Java\STS\ShopmeEcommerce\ShopmeProject\ShopmeWebParent\ShopmeBackEnd\target\classes started by user in D:\Java\STS\ShopmeEcommerce\ShopmeProject\ShopmeWebParent\ShopmeBackEnd)
2021-08-29 14:40:39.491 DEBUG 14280 --- [restartedMain] c.shopme.admin.ShopmeBackEndApplication  : Running with Spring Boot v2.5.1, Spring v5.3.8
2021-08-29 14:40:39.492  INFO 14280 --- [restartedMain] c.shopme.admin.ShopmeBackEndApplication  : No active profile set, falling back to default profiles: default
2021-08-29 14:40:42.334  WARN 14280 --- [restartedMain] JpaBaseConfiguration$JpaWebConfiguration : spring.jpa.open-in-view is enabled by default. Therefore, database queries may be performed during view rendering. Explicitly configure spring.jpa.open-in-view to disable this warning
2021-08-29 14:40:43.355  INFO 14280 --- [restartedMain] c.shopme.admin.ShopmeBackEndApplication  : Started ShopmeBackEndApplication in 4.207 seconds (JVM running for 5.202)
2021-08-29 14:45:06.392  INFO 14280 --- [restartedMain] c.shopme.admin.ShopmeBackEndApplication  : Starting ShopmeBackEndApplication using Java 15.0.2 on DESKTOP-F39E0PL with PID 14280 (D:\Java\STS\ShopmeEcommerce\ShopmeProject\ShopmeWebParent\ShopmeBackEnd\target\classes started by user in D:\Java\STS\ShopmeEcommerce\ShopmeProject\ShopmeWebParent\ShopmeBackEnd)
2021-08-29 14:45:06.392 DEBUG 14280 --- [restartedMain] c.shopme.admin.ShopmeBackEndApplication  : Running with Spring Boot v2.5.1, Spring v5.3.8
2021-08-29 14:45:06.392  INFO 14280 --- [restartedMain] c.shopme.admin.ShopmeBackEndApplication  : No active profile set, falling back to default profiles: default
2021-08-29 14:45:06.783  WARN 14280 --- [restartedMain] JpaBaseConfiguration$JpaWebConfiguration : spring.jpa.open-in-view is enabled by default. Therefore, database queries may be performed during view rendering. Explicitly configure spring.jpa.open-in-view to disable this warning
2021-08-29 14:45:07.076  INFO 14280 --- [restartedMain] c.shopme.admin.ShopmeBackEndApplication  : Started ShopmeBackEndApplication in 0.715 seconds (JVM running for 268.923)
2021-08-29 14:45:10.654  INFO 14280 --- [restartedMain] c.shopme.admin.ShopmeBackEndApplication  : Starting ShopmeBackEndApplication using Java 15.0.2 on DESKTOP-F39E0PL with PID 14280 (D:\Java\STS\ShopmeEcommerce\ShopmeProject\ShopmeWebParent\ShopmeBackEnd\target\classes started by user in D:\Java\STS\ShopmeEcommerce\ShopmeProject\ShopmeWebParent\ShopmeBackEnd)
2021-08-29 14:45:10.655 DEBUG 14280 --- [restartedMain] c.shopme.admin.ShopmeBackEndApplication  : Running with Spring Boot v2.5.1, Spring v5.3.8
2021-08-29 14:45:10.655  INFO 14280 --- [restartedMain] c.shopme.admin.ShopmeBackEndApplication  : No active profile set, falling back to default profiles: default
2021-08-29 14:45:10.980  WARN 14280 --- [restartedMain] JpaBaseConfiguration$JpaWebConfiguration : spring.jpa.open-in-view is enabled by default. Therefore, database queries may be performed during view rendering. Explicitly configure spring.jpa.open-in-view to disable this warning
2021-08-29 14:45:11.237  INFO 14280 --- [restartedMain] c.shopme.admin.ShopmeBackEndApplication  : Started ShopmeBackEndApplication in 0.603 seconds (JVM running for 273.084)
2021-08-29 14:45:56.565  INFO 14280 --- [restartedMain] c.shopme.admin.ShopmeBackEndApplication  : Starting ShopmeBackEndApplication using Java 15.0.2 on DESKTOP-F39E0PL with PID 14280 (D:\Java\STS\ShopmeEcommerce\ShopmeProject\ShopmeWebParent\ShopmeBackEnd\target\classes started by user in D:\Java\STS\ShopmeEcommerce\ShopmeProject\ShopmeWebParent\ShopmeBackEnd)
2021-08-29 14:45:56.565 DEBUG 14280 --- [restartedMain] c.shopme.admin.ShopmeBackEndApplication  : Running with Spring Boot v2.5.1, Spring v5.3.8
2021-08-29 14:45:56.565  INFO 14280 --- [restartedMain] c.shopme.admin.ShopmeBackEndApplication  : No active profile set, falling back to default profiles: default
2021-08-29 14:45:56.893  WARN 14280 --- [restartedMain] JpaBaseConfiguration$JpaWebConfiguration : spring.jpa.open-in-view is enabled by default. Therefore, database queries may be performed during view rendering. Explicitly configure spring.jpa.open-in-view to disable this warning
2021-08-29 14:45:57.153  INFO 14280 --- [restartedMain] c.shopme.admin.ShopmeBackEndApplication  : Started ShopmeBackEndApplication in 0.61 seconds (JVM running for 319.001)
2021-08-29 14:46:12.788  INFO 14280 --- [restartedMain] c.shopme.admin.ShopmeBackEndApplication  : Starting ShopmeBackEndApplication using Java 15.0.2 on DESKTOP-F39E0PL with PID 14280 (D:\Java\STS\ShopmeEcommerce\ShopmeProject\ShopmeWebParent\ShopmeBackEnd\target\classes started by user in D:\Java\STS\ShopmeEcommerce\ShopmeProject\ShopmeWebParent\ShopmeBackEnd)
2021-08-29 14:46:12.789 DEBUG 14280 --- [restartedMain] c.shopme.admin.ShopmeBackEndApplication  : Running with Spring Boot v2.5.1, Spring v5.3.8
2021-08-29 14:46:12.789  INFO 14280 --- [restartedMain] c.shopme.admin.ShopmeBackEndApplication  : No active profile set, falling back to default profiles: default
2021-08-29 14:46:13.098  WARN 14280 --- [restartedMain] JpaBaseConfiguration$JpaWebConfiguration : spring.jpa.open-in-view is enabled by default. Therefore, database queries may be performed during view rendering. Explicitly configure spring.jpa.open-in-view to disable this warning
2021-08-29 14:46:13.371  INFO 14280 --- [restartedMain] c.shopme.admin.ShopmeBackEndApplication  : Started ShopmeBackEndApplication in 0.603 seconds (JVM running for 335.219)
2021-08-29 14:46:15.884  INFO 14280 --- [restartedMain] c.shopme.admin.ShopmeBackEndApplication  : Starting ShopmeBackEndApplication using Java 15.0.2 on DESKTOP-F39E0PL with PID 14280 (D:\Java\STS\ShopmeEcommerce\ShopmeProject\ShopmeWebParent\ShopmeBackEnd\target\classes started by user in D:\Java\STS\ShopmeEcommerce\ShopmeProject\ShopmeWebParent\ShopmeBackEnd)
2021-08-29 14:46:15.884 DEBUG 14280 --- [restartedMain] c.shopme.admin.ShopmeBackEndApplication  : Running with Spring Boot v2.5.1, Spring v5.3.8
2021-08-29 14:46:15.884  INFO 14280 --- [restartedMain] c.shopme.admin.ShopmeBackEndApplication  : No active profile set, falling back to default profiles: default
2021-08-29 14:46:16.209  WARN 14280 --- [restartedMain] JpaBaseConfiguration$JpaWebConfiguration : spring.jpa.open-in-view is enabled by default. Therefore, database queries may be performed during view rendering. Explicitly configure spring.jpa.open-in-view to disable this warning
2021-08-29 14:46:16.464  INFO 14280 --- [restartedMain] c.shopme.admin.ShopmeBackEndApplication  : Started ShopmeBackEndApplication in 0.602 seconds (JVM running for 338.312)
2021-08-29 14:48:59.507 ERROR 14280 --- [http-nio-8069-exec-7] com.shopme.admin.FileUploadUtil          : Could not list directory: user-photos\24
